2025-07-17 10:02:53,152 - INFO - Initialized collector with 40 symbols
2025-07-17 10:02:53,152 - INFO - Target: 1000 rows | Max runtime: 12 hours
2025-07-17 10:02:53,153 - INFO - Current: 0 rows
2025-07-17 10:02:53,153 - INFO - Starting continuous data collection with time limit
2025-07-17 10:02:53,153 - INFO - Target: 1000 rows | Current: 0 rows
2025-07-17 10:02:53,153 - INFO - Max runtime: 12 hours
2025-07-17 10:02:53,166 - INFO - Cycle 1 | Status: Pre-Market | Elapsed: 0.0h | Remaining: 12.0h
2025-07-17 10:02:57,953 - ERROR - $SQ: possibly delisted; no price data found  (period=1d) (Yahoo error = "No data found, symbol may be delisted")
2025-07-17 10:02:58,136 - ERROR - $SQ: possibly delisted; no price data found  (period=5d) (Yahoo error = "No data found, symbol may be delisted")
2025-07-17 10:02:59,848 - ERROR - HTTP Error 404: 
2025-07-17 10:03:00,082 - ERROR - $WISH: possibly delisted; no price data found  (period=1d) (Yahoo error = "No data found, symbol may be delisted")
2025-07-17 10:03:00,269 - ERROR - $WISH: possibly delisted; no price data found  (period=5d) (Yahoo error = "No data found, symbol may be delisted")
2025-07-17 10:03:01,637 - ERROR - $GNUS: possibly delisted; no price data found  (period=1d) (Yahoo error = "No data found, symbol may be delisted")
2025-07-17 10:03:01,834 - ERROR - $GNUS: possibly delisted; no price data found  (period=5d) (Yahoo error = "No data found, symbol may be delisted")
2025-07-17 10:03:02,330 - ERROR - $BBBY: possibly delisted; no price data found  (period=1d) (Yahoo error = "No data found, symbol may be delisted")
2025-07-17 10:03:02,529 - ERROR - $BBBY: possibly delisted; no price data found  (period=5d) (Yahoo error = "No data found, symbol may be delisted")
2025-07-17 10:03:03,234 - ERROR - $NAKD: possibly delisted; no price data found  (period=1d) (Yahoo error = "No data found, symbol may be delisted")
2025-07-17 10:03:03,435 - ERROR - $NAKD: possibly delisted; no price data found  (period=5d) (Yahoo error = "No data found, symbol may be delisted")
2025-07-17 10:03:03,875 - ERROR - $EXPR: possibly delisted; no price data found  (period=1d) (Yahoo error = "No data found, symbol may be delisted")
2025-07-17 10:03:04,071 - ERROR - $EXPR: possibly delisted; no price data found  (period=5d) (Yahoo error = "No data found, symbol may be delisted")
2025-07-17 10:03:53,153 - INFO - Cycle 2 | Status: Pre-Market | Elapsed: 0.0h | Remaining: 12.0h
2025-07-17 10:03:57,048 - ERROR - $SQ: possibly delisted; no price data found  (period=1d) (Yahoo error = "No data found, symbol may be delisted")
2025-07-17 10:03:57,208 - ERROR - $SQ: possibly delisted; no price data found  (period=5d) (Yahoo error = "No data found, symbol may be delisted")
2025-07-17 10:03:58,746 - ERROR - $WISH: possibly delisted; no price data found  (period=1d) (Yahoo error = "No data found, symbol may be delisted")
2025-07-17 10:03:58,941 - ERROR - $WISH: possibly delisted; no price data found  (period=5d) (Yahoo error = "No data found, symbol may be delisted")
2025-07-17 10:04:00,199 - ERROR - $GNUS: possibly delisted; no price data found  (period=1d) (Yahoo error = "No data found, symbol may be delisted")
2025-07-17 10:04:00,405 - ERROR - $GNUS: possibly delisted; no price data found  (period=5d) (Yahoo error = "No data found, symbol may be delisted")
2025-07-17 10:04:00,695 - ERROR - $BBBY: possibly delisted; no price data found  (period=1d) (Yahoo error = "No data found, symbol may be delisted")
2025-07-17 10:04:00,888 - ERROR - $BBBY: possibly delisted; no price data found  (period=5d) (Yahoo error = "No data found, symbol may be delisted")
2025-07-17 10:04:01,158 - ERROR - $NAKD: possibly delisted; no price data found  (period=1d) (Yahoo error = "No data found, symbol may be delisted")
2025-07-17 10:04:01,356 - ERROR - $NAKD: possibly delisted; no price data found  (period=5d) (Yahoo error = "No data found, symbol may be delisted")
2025-07-17 10:04:01,663 - ERROR - $EXPR: possibly delisted; no price data found  (period=1d) (Yahoo error = "No data found, symbol may be delisted")
2025-07-17 10:04:01,834 - ERROR - $EXPR: possibly delisted; no price data found  (period=5d) (Yahoo error = "No data found, symbol may be delisted")
2025-07-17 10:04:53,153 - INFO - Cycle 3 | Status: Pre-Market | Elapsed: 0.0h | Remaining: 12.0h
2025-07-17 10:04:57,308 - ERROR - $SQ: possibly delisted; no price data found  (period=1d) (Yahoo error = "No data found, symbol may be delisted")
2025-07-17 10:04:57,479 - ERROR - $SQ: possibly delisted; no price data found  (period=5d) (Yahoo error = "No data found, symbol may be delisted")
2025-07-17 10:04:58,961 - ERROR - $WISH: possibly delisted; no price data found  (period=1d) (Yahoo error = "No data found, symbol may be delisted")
2025-07-17 10:04:59,181 - ERROR - $WISH: possibly delisted; no price data found  (period=5d) (Yahoo error = "No data found, symbol may be delisted")
2025-07-17 10:05:00,413 - ERROR - $GNUS: possibly delisted; no price data found  (period=1d) (Yahoo error = "No data found, symbol may be delisted")
2025-07-17 10:05:00,607 - ERROR - $GNUS: possibly delisted; no price data found  (period=5d) (Yahoo error = "No data found, symbol may be delisted")
2025-07-17 10:05:00,911 - ERROR - $BBBY: possibly delisted; no price data found  (period=1d) (Yahoo error = "No data found, symbol may be delisted")
2025-07-17 10:05:01,109 - ERROR - $BBBY: possibly delisted; no price data found  (period=5d) (Yahoo error = "No data found, symbol may be delisted")
2025-07-17 10:05:01,407 - ERROR - $NAKD: possibly delisted; no price data found  (period=1d) (Yahoo error = "No data found, symbol may be delisted")
2025-07-17 10:05:01,602 - ERROR - $NAKD: possibly delisted; no price data found  (period=5d) (Yahoo error = "No data found, symbol may be delisted")
2025-07-17 10:05:01,887 - ERROR - $EXPR: possibly delisted; no price data found  (period=1d) (Yahoo error = "No data found, symbol may be delisted")
2025-07-17 10:05:02,077 - ERROR - $EXPR: possibly delisted; no price data found  (period=5d) (Yahoo error = "No data found, symbol may be delisted")
2025-07-17 10:05:53,153 - INFO - Cycle 4 | Status: Pre-Market | Elapsed: 0.1h | Remaining: 11.9h
2025-07-17 10:05:56,798 - ERROR - $SQ: possibly delisted; no price data found  (period=1d) (Yahoo error = "No data found, symbol may be delisted")
2025-07-17 10:05:56,999 - ERROR - $SQ: possibly delisted; no price data found  (period=5d) (Yahoo error = "No data found, symbol may be delisted")
2025-07-17 10:05:58,533 - ERROR - $WISH: possibly delisted; no price data found  (period=1d) (Yahoo error = "No data found, symbol may be delisted")
2025-07-17 10:05:58,744 - ERROR - $WISH: possibly delisted; no price data found  (period=5d) (Yahoo error = "No data found, symbol may be delisted")
2025-07-17 10:05:59,987 - ERROR - $GNUS: possibly delisted; no price data found  (period=1d) (Yahoo error = "No data found, symbol may be delisted")
2025-07-17 10:06:00,194 - ERROR - $GNUS: possibly delisted; no price data found  (period=5d) (Yahoo error = "No data found, symbol may be delisted")
2025-07-17 10:06:00,517 - ERROR - $BBBY: possibly delisted; no price data found  (period=1d) (Yahoo error = "No data found, symbol may be delisted")
2025-07-17 10:06:00,697 - ERROR - $BBBY: possibly delisted; no price data found  (period=5d) (Yahoo error = "No data found, symbol may be delisted")
2025-07-17 10:06:01,016 - ERROR - $NAKD: possibly delisted; no price data found  (period=1d) (Yahoo error = "No data found, symbol may be delisted")
2025-07-17 10:06:01,213 - ERROR - $NAKD: possibly delisted; no price data found  (period=5d) (Yahoo error = "No data found, symbol may be delisted")
2025-07-17 10:06:01,509 - ERROR - $EXPR: possibly delisted; no price data found  (period=1d) (Yahoo error = "No data found, symbol may be delisted")
2025-07-17 10:06:01,742 - ERROR - $EXPR: possibly delisted; no price data found  (period=5d) (Yahoo error = "No data found, symbol may be delisted")
2025-07-17 10:06:53,153 - INFO - Cycle 5 | Status: Pre-Market | Elapsed: 0.1h | Remaining: 11.9h
2025-07-17 10:06:56,739 - ERROR - $SQ: possibly delisted; no price data found  (period=1d) (Yahoo error = "No data found, symbol may be delisted")
2025-07-17 10:06:56,919 - ERROR - $SQ: possibly delisted; no price data found  (period=5d) (Yahoo error = "No data found, symbol may be delisted")
2025-07-17 10:06:58,541 - ERROR - $WISH: possibly delisted; no price data found  (period=1d) (Yahoo error = "No data found, symbol may be delisted")
2025-07-17 10:06:58,731 - ERROR - $WISH: possibly delisted; no price data found  (period=5d) (Yahoo error = "No data found, symbol may be delisted")
2025-07-17 10:06:59,948 - ERROR - $GNUS: possibly delisted; no price data found  (period=1d) (Yahoo error = "No data found, symbol may be delisted")
2025-07-17 10:07:00,137 - ERROR - $GNUS: possibly delisted; no price data found  (period=5d) (Yahoo error = "No data found, symbol may be delisted")
2025-07-17 10:07:00,442 - ERROR - $BBBY: possibly delisted; no price data found  (period=1d) (Yahoo error = "No data found, symbol may be delisted")
2025-07-17 10:07:00,680 - ERROR - $BBBY: possibly delisted; no price data found  (period=5d) (Yahoo error = "No data found, symbol may be delisted")
2025-07-17 10:07:00,956 - ERROR - $NAKD: possibly delisted; no price data found  (period=1d) (Yahoo error = "No data found, symbol may be delisted")
2025-07-17 10:07:01,174 - ERROR - $NAKD: possibly delisted; no price data found  (period=5d) (Yahoo error = "No data found, symbol may be delisted")
2025-07-17 10:07:01,454 - ERROR - $EXPR: possibly delisted; no price data found  (period=1d) (Yahoo error = "No data found, symbol may be delisted")
2025-07-17 10:07:01,626 - ERROR - $EXPR: possibly delisted; no price data found  (period=5d) (Yahoo error = "No data found, symbol may be delisted")
2025-07-17 10:07:53,153 - INFO - Cycle 6 | Status: Pre-Market | Elapsed: 0.1h | Remaining: 11.9h
2025-07-17 10:07:56,790 - ERROR - $SQ: possibly delisted; no price data found  (period=1d) (Yahoo error = "No data found, symbol may be delisted")
2025-07-17 10:07:56,957 - ERROR - $SQ: possibly delisted; no price data found  (period=5d) (Yahoo error = "No data found, symbol may be delisted")
2025-07-17 10:07:58,533 - ERROR - $WISH: possibly delisted; no price data found  (period=1d) (Yahoo error = "No data found, symbol may be delisted")
2025-07-17 10:07:58,709 - ERROR - $WISH: possibly delisted; no price data found  (period=5d) (Yahoo error = "No data found, symbol may be delisted")
2025-07-17 10:07:59,907 - ERROR - $GNUS: possibly delisted; no price data found  (period=1d) (Yahoo error = "No data found, symbol may be delisted")
2025-07-17 10:08:00,074 - ERROR - $GNUS: possibly delisted; no price data found  (period=5d) (Yahoo error = "No data found, symbol may be delisted")
2025-07-17 10:08:00,368 - ERROR - $BBBY: possibly delisted; no price data found  (period=1d) (Yahoo error = "No data found, symbol may be delisted")
2025-07-17 10:08:00,567 - ERROR - $BBBY: possibly delisted; no price data found  (period=5d) (Yahoo error = "No data found, symbol may be delisted")
2025-07-17 10:08:00,882 - ERROR - $NAKD: possibly delisted; no price data found  (period=1d) (Yahoo error = "No data found, symbol may be delisted")
2025-07-17 10:08:01,065 - ERROR - $NAKD: possibly delisted; no price data found  (period=5d) (Yahoo error = "No data found, symbol may be delisted")
2025-07-17 10:08:01,336 - ERROR - $EXPR: possibly delisted; no price data found  (period=1d) (Yahoo error = "No data found, symbol may be delisted")
2025-07-17 10:08:01,514 - ERROR - $EXPR: possibly delisted; no price data found  (period=5d) (Yahoo error = "No data found, symbol may be delisted")
2025-07-17 10:08:04,159 - INFO - 📈 Progress: 204/1000 (20.4%)
2025-07-17 10:08:04,159 - INFO - ⏱️  Time: 0.1h / 12h (11.9h left)
2025-07-17 10:08:04,159 - INFO - 📊 Remaining: 796 rows | Batch: 34 | Anomalies: 23
2025-07-17 10:08:04,159 - INFO - ⚡ Rate: 3.1 rows/sec
2025-07-17 10:08:53,154 - INFO - Cycle 7 | Status: Pre-Market | Elapsed: 0.1h | Remaining: 11.9h
2025-07-17 10:08:56,793 - ERROR - $SQ: possibly delisted; no price data found  (period=1d) (Yahoo error = "No data found, symbol may be delisted")
2025-07-17 10:08:56,955 - ERROR - $SQ: possibly delisted; no price data found  (period=5d) (Yahoo error = "No data found, symbol may be delisted")
2025-07-17 10:08:58,460 - ERROR - $WISH: possibly delisted; no price data found  (period=1d) (Yahoo error = "No data found, symbol may be delisted")
2025-07-17 10:08:58,645 - ERROR - $WISH: possibly delisted; no price data found  (period=5d) (Yahoo error = "No data found, symbol may be delisted")
2025-07-17 10:08:59,843 - ERROR - $GNUS: possibly delisted; no price data found  (period=1d) (Yahoo error = "No data found, symbol may be delisted")
2025-07-17 10:09:00,034 - ERROR - $GNUS: possibly delisted; no price data found  (period=5d) (Yahoo error = "No data found, symbol may be delisted")
2025-07-17 10:09:00,311 - ERROR - $BBBY: possibly delisted; no price data found  (period=1d) (Yahoo error = "No data found, symbol may be delisted")
2025-07-17 10:09:00,521 - ERROR - $BBBY: possibly delisted; no price data found  (period=5d) (Yahoo error = "No data found, symbol may be delisted")
2025-07-17 10:09:00,816 - ERROR - $NAKD: possibly delisted; no price data found  (period=1d) (Yahoo error = "No data found, symbol may be delisted")
2025-07-17 10:09:01,007 - ERROR - $NAKD: possibly delisted; no price data found  (period=5d) (Yahoo error = "No data found, symbol may be delisted")
2025-07-17 10:09:01,285 - ERROR - $EXPR: possibly delisted; no price data found  (period=1d) (Yahoo error = "No data found, symbol may be delisted")
2025-07-17 10:09:01,462 - ERROR - $EXPR: possibly delisted; no price data found  (period=5d) (Yahoo error = "No data found, symbol may be delisted")
2025-07-17 10:09:53,155 - INFO - Cycle 8 | Status: Pre-Market | Elapsed: 0.1h | Remaining: 11.9h
2025-07-17 10:09:56,960 - ERROR - $SQ: possibly delisted; no price data found  (period=1d) (Yahoo error = "No data found, symbol may be delisted")
2025-07-17 10:09:57,158 - ERROR - $SQ: possibly delisted; no price data found  (period=5d) (Yahoo error = "No data found, symbol may be delisted")
2025-07-17 10:09:58,584 - ERROR - $WISH: possibly delisted; no price data found  (period=1d) (Yahoo error = "No data found, symbol may be delisted")
2025-07-17 10:09:58,803 - ERROR - $WISH: possibly delisted; no price data found  (period=5d) (Yahoo error = "No data found, symbol may be delisted")
2025-07-17 10:10:00,060 - ERROR - $GNUS: possibly delisted; no price data found  (period=1d) (Yahoo error = "No data found, symbol may be delisted")
2025-07-17 10:10:00,449 - ERROR - $GNUS: possibly delisted; no price data found  (period=5d) (Yahoo error = "No data found, symbol may be delisted")
2025-07-17 10:10:00,746 - ERROR - $BBBY: possibly delisted; no price data found  (period=1d) (Yahoo error = "No data found, symbol may be delisted")
2025-07-17 10:10:00,914 - ERROR - $BBBY: possibly delisted; no price data found  (period=5d) (Yahoo error = "No data found, symbol may be delisted")
2025-07-17 10:10:01,204 - ERROR - $NAKD: possibly delisted; no price data found  (period=1d) (Yahoo error = "No data found, symbol may be delisted")
2025-07-17 10:10:01,375 - ERROR - $NAKD: possibly delisted; no price data found  (period=5d) (Yahoo error = "No data found, symbol may be delisted")
2025-07-17 10:10:01,688 - ERROR - $EXPR: possibly delisted; no price data found  (period=1d) (Yahoo error = "No data found, symbol may be delisted")
2025-07-17 10:10:01,867 - ERROR - $EXPR: possibly delisted; no price data found  (period=5d) (Yahoo error = "No data found, symbol may be delisted")
2025-07-17 10:10:53,155 - INFO - Cycle 9 | Status: Pre-Market | Elapsed: 0.1h | Remaining: 11.9h
2025-07-17 10:10:56,631 - ERROR - $SQ: possibly delisted; no price data found  (period=1d) (Yahoo error = "No data found, symbol may be delisted")
2025-07-17 10:10:56,805 - ERROR - $SQ: possibly delisted; no price data found  (period=5d) (Yahoo error = "No data found, symbol may be delisted")
2025-07-17 10:10:58,260 - ERROR - $WISH: possibly delisted; no price data found  (period=1d) (Yahoo error = "No data found, symbol may be delisted")
2025-07-17 10:10:58,438 - ERROR - $WISH: possibly delisted; no price data found  (period=5d) (Yahoo error = "No data found, symbol may be delisted")
2025-07-17 10:10:59,665 - ERROR - $GNUS: possibly delisted; no price data found  (period=1d) (Yahoo error = "No data found, symbol may be delisted")
2025-07-17 10:10:59,880 - ERROR - $GNUS: possibly delisted; no price data found  (period=5d) (Yahoo error = "No data found, symbol may be delisted")
2025-07-17 10:11:00,156 - ERROR - $BBBY: possibly delisted; no price data found  (period=1d) (Yahoo error = "No data found, symbol may be delisted")
2025-07-17 10:11:00,360 - ERROR - $BBBY: possibly delisted; no price data found  (period=5d) (Yahoo error = "No data found, symbol may be delisted")
2025-07-17 10:11:00,629 - ERROR - $NAKD: possibly delisted; no price data found  (period=1d) (Yahoo error = "No data found, symbol may be delisted")
2025-07-17 10:11:00,825 - ERROR - $NAKD: possibly delisted; no price data found  (period=5d) (Yahoo error = "No data found, symbol may be delisted")
2025-07-17 10:11:01,106 - ERROR - $EXPR: possibly delisted; no price data found  (period=1d) (Yahoo error = "No data found, symbol may be delisted")
2025-07-17 10:11:01,317 - ERROR - $EXPR: possibly delisted; no price data found  (period=5d) (Yahoo error = "No data found, symbol may be delisted")
2025-07-17 10:11:53,155 - INFO - Cycle 10 | Status: Pre-Market | Elapsed: 0.2h | Remaining: 11.8h
2025-07-17 10:11:56,839 - ERROR - $SQ: possibly delisted; no price data found  (period=1d) (Yahoo error = "No data found, symbol may be delisted")
2025-07-17 10:11:57,032 - ERROR - $SQ: possibly delisted; no price data found  (period=5d) (Yahoo error = "No data found, symbol may be delisted")
2025-07-17 10:11:58,471 - ERROR - $WISH: possibly delisted; no price data found  (period=1d) (Yahoo error = "No data found, symbol may be delisted")
2025-07-17 10:11:58,648 - ERROR - $WISH: possibly delisted; no price data found  (period=5d) (Yahoo error = "No data found, symbol may be delisted")
2025-07-17 10:11:59,878 - ERROR - $GNUS: possibly delisted; no price data found  (period=1d) (Yahoo error = "No data found, symbol may be delisted")
2025-07-17 10:12:00,046 - ERROR - $GNUS: possibly delisted; no price data found  (period=5d) (Yahoo error = "No data found, symbol may be delisted")
2025-07-17 10:12:00,337 - ERROR - $BBBY: possibly delisted; no price data found  (period=1d) (Yahoo error = "No data found, symbol may be delisted")
2025-07-17 10:12:00,520 - ERROR - $BBBY: possibly delisted; no price data found  (period=5d) (Yahoo error = "No data found, symbol may be delisted")
2025-07-17 10:12:00,816 - ERROR - $NAKD: possibly delisted; no price data found  (period=1d) (Yahoo error = "No data found, symbol may be delisted")
2025-07-17 10:12:01,069 - ERROR - $NAKD: possibly delisted; no price data found  (period=5d) (Yahoo error = "No data found, symbol may be delisted")
2025-07-17 10:12:01,539 - ERROR - $EXPR: possibly delisted; no price data found  (period=1d) (Yahoo error = "No data found, symbol may be delisted")
2025-07-17 10:12:01,719 - ERROR - $EXPR: possibly delisted; no price data found  (period=5d) (Yahoo error = "No data found, symbol may be delisted")
2025-07-17 10:12:53,155 - INFO - Cycle 11 | Status: Pre-Market | Elapsed: 0.2h | Remaining: 11.8h
2025-07-17 10:12:56,915 - ERROR - $SQ: possibly delisted; no price data found  (period=1d) (Yahoo error = "No data found, symbol may be delisted")
2025-07-17 10:12:57,134 - ERROR - $SQ: possibly delisted; no price data found  (period=5d) (Yahoo error = "No data found, symbol may be delisted")
2025-07-17 10:12:58,619 - ERROR - $WISH: possibly delisted; no price data found  (period=1d) (Yahoo error = "No data found, symbol may be delisted")
2025-07-17 10:12:58,783 - ERROR - $WISH: possibly delisted; no price data found  (period=5d) (Yahoo error = "No data found, symbol may be delisted")
2025-07-17 10:12:59,967 - ERROR - $GNUS: possibly delisted; no price data found  (period=1d) (Yahoo error = "No data found, symbol may be delisted")
2025-07-17 10:13:00,193 - ERROR - $GNUS: possibly delisted; no price data found  (period=5d) (Yahoo error = "No data found, symbol may be delisted")
2025-07-17 10:13:00,492 - ERROR - $BBBY: possibly delisted; no price data found  (period=1d) (Yahoo error = "No data found, symbol may be delisted")
2025-07-17 10:13:00,675 - ERROR - $BBBY: possibly delisted; no price data found  (period=5d) (Yahoo error = "No data found, symbol may be delisted")
2025-07-17 10:13:00,955 - ERROR - $NAKD: possibly delisted; no price data found  (period=1d) (Yahoo error = "No data found, symbol may be delisted")
2025-07-17 10:13:01,125 - ERROR - $NAKD: possibly delisted; no price data found  (period=5d) (Yahoo error = "No data found, symbol may be delisted")
2025-07-17 10:13:01,454 - ERROR - $EXPR: possibly delisted; no price data found  (period=1d) (Yahoo error = "No data found, symbol may be delisted")
2025-07-17 10:13:01,661 - ERROR - $EXPR: possibly delisted; no price data found  (period=5d) (Yahoo error = "No data found, symbol may be delisted")
2025-07-17 10:13:04,405 - INFO - 📈 Progress: 374/1000 (37.4%)
2025-07-17 10:13:04,406 - INFO - ⏱️  Time: 0.2h / 12h (11.8h left)
2025-07-17 10:13:04,406 - INFO - 📊 Remaining: 626 rows | Batch: 34 | Anomalies: 23
2025-07-17 10:13:04,406 - INFO - ⚡ Rate: 3.0 rows/sec
2025-07-17 10:13:53,156 - INFO - Cycle 12 | Status: Pre-Market | Elapsed: 0.2h | Remaining: 11.8h
2025-07-17 10:13:56,577 - ERROR - $SQ: possibly delisted; no price data found  (period=1d) (Yahoo error = "No data found, symbol may be delisted")
2025-07-17 10:13:56,755 - ERROR - $SQ: possibly delisted; no price data found  (period=5d) (Yahoo error = "No data found, symbol may be delisted")
2025-07-17 10:13:58,198 - ERROR - $WISH: possibly delisted; no price data found  (period=1d) (Yahoo error = "No data found, symbol may be delisted")
2025-07-17 10:13:58,376 - ERROR - $WISH: possibly delisted; no price data found  (period=5d) (Yahoo error = "No data found, symbol may be delisted")
2025-07-17 10:13:59,563 - ERROR - $GNUS: possibly delisted; no price data found  (period=1d) (Yahoo error = "No data found, symbol may be delisted")
2025-07-17 10:13:59,784 - ERROR - $GNUS: possibly delisted; no price data found  (period=5d) (Yahoo error = "No data found, symbol may be delisted")
2025-07-17 10:14:00,059 - ERROR - $BBBY: possibly delisted; no price data found  (period=1d) (Yahoo error = "No data found, symbol may be delisted")
2025-07-17 10:14:00,233 - ERROR - $BBBY: possibly delisted; no price data found  (period=5d) (Yahoo error = "No data found, symbol may be delisted")
2025-07-17 10:14:00,536 - ERROR - $NAKD: possibly delisted; no price data found  (period=1d) (Yahoo error = "No data found, symbol may be delisted")
2025-07-17 10:14:00,722 - ERROR - $NAKD: possibly delisted; no price data found  (period=5d) (Yahoo error = "No data found, symbol may be delisted")
2025-07-17 10:14:00,993 - ERROR - $EXPR: possibly delisted; no price data found  (period=1d) (Yahoo error = "No data found, symbol may be delisted")
2025-07-17 10:14:01,177 - ERROR - $EXPR: possibly delisted; no price data found  (period=5d) (Yahoo error = "No data found, symbol may be delisted")
2025-07-17 10:14:53,156 - INFO - Cycle 13 | Status: Pre-Market | Elapsed: 0.2h | Remaining: 11.8h
2025-07-17 10:14:56,595 - ERROR - $SQ: possibly delisted; no price data found  (period=1d) (Yahoo error = "No data found, symbol may be delisted")
2025-07-17 10:14:56,764 - ERROR - $SQ: possibly delisted; no price data found  (period=5d) (Yahoo error = "No data found, symbol may be delisted")
2025-07-17 10:14:58,398 - ERROR - $WISH: possibly delisted; no price data found  (period=1d) (Yahoo error = "No data found, symbol may be delisted")
2025-07-17 10:14:58,805 - ERROR - $WISH: possibly delisted; no price data found  (period=5d) (Yahoo error = "No data found, symbol may be delisted")
2025-07-17 10:15:01,949 - ERROR - $GNUS: possibly delisted; no price data found  (period=1d) (Yahoo error = "No data found, symbol may be delisted")
2025-07-17 10:15:02,148 - ERROR - $GNUS: possibly delisted; no price data found  (period=5d) (Yahoo error = "No data found, symbol may be delisted")
2025-07-17 10:15:04,890 - ERROR - $BBBY: possibly delisted; no price data found  (period=1d) (Yahoo error = "No data found, symbol may be delisted")
2025-07-17 10:15:05,064 - ERROR - $BBBY: possibly delisted; no price data found  (period=5d) (Yahoo error = "No data found, symbol may be delisted")
2025-07-17 10:15:05,648 - ERROR - $NAKD: possibly delisted; no price data found  (period=1d) (Yahoo error = "No data found, symbol may be delisted")
2025-07-17 10:15:06,093 - ERROR - $NAKD: possibly delisted; no price data found  (period=5d) (Yahoo error = "No data found, symbol may be delisted")
2025-07-17 10:15:06,402 - ERROR - $EXPR: possibly delisted; no price data found  (period=1d) (Yahoo error = "No data found, symbol may be delisted")
2025-07-17 10:15:06,587 - ERROR - $EXPR: possibly delisted; no price data found  (period=5d) (Yahoo error = "No data found, symbol may be delisted")
2025-07-17 10:15:53,156 - INFO - Cycle 14 | Status: Pre-Market | Elapsed: 0.2h | Remaining: 11.8h
2025-07-17 10:15:56,599 - ERROR - $SQ: possibly delisted; no price data found  (period=1d) (Yahoo error = "No data found, symbol may be delisted")
2025-07-17 10:15:56,854 - ERROR - $SQ: possibly delisted; no price data found  (period=5d) (Yahoo error = "No data found, symbol may be delisted")
2025-07-17 10:15:58,247 - ERROR - $WISH: possibly delisted; no price data found  (period=1d) (Yahoo error = "No data found, symbol may be delisted")
2025-07-17 10:15:58,417 - ERROR - $WISH: possibly delisted; no price data found  (period=5d) (Yahoo error = "No data found, symbol may be delisted")
2025-07-17 10:15:59,619 - ERROR - $GNUS: possibly delisted; no price data found  (period=1d) (Yahoo error = "No data found, symbol may be delisted")
2025-07-17 10:15:59,788 - ERROR - $GNUS: possibly delisted; no price data found  (period=5d) (Yahoo error = "No data found, symbol may be delisted")
2025-07-17 10:16:00,109 - ERROR - $BBBY: possibly delisted; no price data found  (period=1d) (Yahoo error = "No data found, symbol may be delisted")
2025-07-17 10:16:00,289 - ERROR - $BBBY: possibly delisted; no price data found  (period=5d) (Yahoo error = "No data found, symbol may be delisted")
2025-07-17 10:16:00,563 - ERROR - $NAKD: possibly delisted; no price data found  (period=1d) (Yahoo error = "No data found, symbol may be delisted")
2025-07-17 10:16:00,945 - ERROR - $NAKD: possibly delisted; no price data found  (period=5d) (Yahoo error = "No data found, symbol may be delisted")
2025-07-17 10:16:01,220 - ERROR - $EXPR: possibly delisted; no price data found  (period=1d) (Yahoo error = "No data found, symbol may be delisted")
2025-07-17 10:16:01,410 - ERROR - $EXPR: possibly delisted; no price data found  (period=5d) (Yahoo error = "No data found, symbol may be delisted")
2025-07-17 10:16:53,156 - INFO - Cycle 15 | Status: Pre-Market | Elapsed: 0.2h | Remaining: 11.8h
2025-07-17 10:16:56,432 - ERROR - $SQ: possibly delisted; no price data found  (period=1d) (Yahoo error = "No data found, symbol may be delisted")
2025-07-17 10:16:56,614 - ERROR - $SQ: possibly delisted; no price data found  (period=5d) (Yahoo error = "No data found, symbol may be delisted")
2025-07-17 10:16:58,100 - ERROR - $WISH: possibly delisted; no price data found  (period=1d) (Yahoo error = "No data found, symbol may be delisted")
2025-07-17 10:16:58,270 - ERROR - $WISH: possibly delisted; no price data found  (period=5d) (Yahoo error = "No data found, symbol may be delisted")
2025-07-17 10:16:59,518 - ERROR - $GNUS: possibly delisted; no price data found  (period=1d) (Yahoo error = "No data found, symbol may be delisted")
2025-07-17 10:16:59,685 - ERROR - $GNUS: possibly delisted; no price data found  (period=5d) (Yahoo error = "No data found, symbol may be delisted")
2025-07-17 10:16:59,986 - ERROR - $BBBY: possibly delisted; no price data found  (period=1d) (Yahoo error = "No data found, symbol may be delisted")
2025-07-17 10:17:00,189 - ERROR - $BBBY: possibly delisted; no price data found  (period=5d) (Yahoo error = "No data found, symbol may be delisted")
2025-07-17 10:17:00,479 - ERROR - $NAKD: possibly delisted; no price data found  (period=1d) (Yahoo error = "No data found, symbol may be delisted")
2025-07-17 10:17:00,851 - ERROR - $NAKD: possibly delisted; no price data found  (period=5d) (Yahoo error = "No data found, symbol may be delisted")
2025-07-17 10:17:01,135 - ERROR - $EXPR: possibly delisted; no price data found  (period=1d) (Yahoo error = "No data found, symbol may be delisted")
2025-07-17 10:17:01,309 - ERROR - $EXPR: possibly delisted; no price data found  (period=5d) (Yahoo error = "No data found, symbol may be delisted")
2025-07-17 10:17:53,157 - INFO - Cycle 16 | Status: Pre-Market | Elapsed: 0.3h | Remaining: 11.7h
2025-07-17 10:17:56,635 - ERROR - $SQ: possibly delisted; no price data found  (period=1d) (Yahoo error = "No data found, symbol may be delisted")
2025-07-17 10:17:56,832 - ERROR - $SQ: possibly delisted; no price data found  (period=5d) (Yahoo error = "No data found, symbol may be delisted")
2025-07-17 10:17:58,652 - ERROR - $WISH: possibly delisted; no price data found  (period=1d) (Yahoo error = "No data found, symbol may be delisted")
2025-07-17 10:17:58,830 - ERROR - $WISH: possibly delisted; no price data found  (period=5d) (Yahoo error = "No data found, symbol may be delisted")
2025-07-17 10:18:00,002 - ERROR - $GNUS: possibly delisted; no price data found  (period=1d) (Yahoo error = "No data found, symbol may be delisted")
2025-07-17 10:18:00,195 - ERROR - $GNUS: possibly delisted; no price data found  (period=5d) (Yahoo error = "No data found, symbol may be delisted")
2025-07-17 10:18:00,507 - ERROR - $BBBY: possibly delisted; no price data found  (period=1d) (Yahoo error = "No data found, symbol may be delisted")
2025-07-17 10:18:00,730 - ERROR - $BBBY: possibly delisted; no price data found  (period=5d) (Yahoo error = "No data found, symbol may be delisted")
2025-07-17 10:18:01,037 - ERROR - $NAKD: possibly delisted; no price data found  (period=1d) (Yahoo error = "No data found, symbol may be delisted")
2025-07-17 10:18:01,215 - ERROR - $NAKD: possibly delisted; no price data found  (period=5d) (Yahoo error = "No data found, symbol may be delisted")
2025-07-17 10:18:01,485 - ERROR - $EXPR: possibly delisted; no price data found  (period=1d) (Yahoo error = "No data found, symbol may be delisted")
2025-07-17 10:18:01,686 - ERROR - $EXPR: possibly delisted; no price data found  (period=5d) (Yahoo error = "No data found, symbol may be delisted")
2025-07-17 10:18:53,157 - INFO - Cycle 17 | Status: Pre-Market | Elapsed: 0.3h | Remaining: 11.7h
2025-07-17 10:18:56,552 - ERROR - $SQ: possibly delisted; no price data found  (period=1d) (Yahoo error = "No data found, symbol may be delisted")
2025-07-17 10:18:56,751 - ERROR - $SQ: possibly delisted; no price data found  (period=5d) (Yahoo error = "No data found, symbol may be delisted")
2025-07-17 10:18:58,180 - ERROR - $WISH: possibly delisted; no price data found  (period=1d) (Yahoo error = "No data found, symbol may be delisted")
2025-07-17 10:18:58,353 - ERROR - $WISH: possibly delisted; no price data found  (period=5d) (Yahoo error = "No data found, symbol may be delisted")
2025-07-17 10:18:59,589 - ERROR - $GNUS: possibly delisted; no price data found  (period=1d) (Yahoo error = "No data found, symbol may be delisted")
2025-07-17 10:18:59,760 - ERROR - $GNUS: possibly delisted; no price data found  (period=5d) (Yahoo error = "No data found, symbol may be delisted")
2025-07-17 10:19:00,047 - ERROR - $BBBY: possibly delisted; no price data found  (period=1d) (Yahoo error = "No data found, symbol may be delisted")
2025-07-17 10:19:00,222 - ERROR - $BBBY: possibly delisted; no price data found  (period=5d) (Yahoo error = "No data found, symbol may be delisted")
2025-07-17 10:19:00,512 - ERROR - $NAKD: possibly delisted; no price data found  (period=1d) (Yahoo error = "No data found, symbol may be delisted")
2025-07-17 10:19:00,686 - ERROR - $NAKD: possibly delisted; no price data found  (period=5d) (Yahoo error = "No data found, symbol may be delisted")
2025-07-17 10:19:00,957 - ERROR - $EXPR: possibly delisted; no price data found  (period=1d) (Yahoo error = "No data found, symbol may be delisted")
2025-07-17 10:19:01,141 - ERROR - $EXPR: possibly delisted; no price data found  (period=5d) (Yahoo error = "No data found, symbol may be delisted")
2025-07-17 10:19:03,869 - INFO - 📈 Progress: 578/1000 (57.8%)
2025-07-17 10:19:03,870 - INFO - ⏱️  Time: 0.3h / 12h (11.7h left)
2025-07-17 10:19:03,870 - INFO - 📊 Remaining: 422 rows | Batch: 34 | Anomalies: 23
2025-07-17 10:19:03,870 - INFO - ⚡ Rate: 3.2 rows/sec
2025-07-17 10:19:53,158 - INFO - Cycle 18 | Status: Pre-Market | Elapsed: 0.3h | Remaining: 11.7h
2025-07-17 10:19:56,585 - ERROR - $SQ: possibly delisted; no price data found  (period=1d) (Yahoo error = "No data found, symbol may be delisted")
2025-07-17 10:19:56,764 - ERROR - $SQ: possibly delisted; no price data found  (period=5d) (Yahoo error = "No data found, symbol may be delisted")
2025-07-17 10:19:58,290 - ERROR - $WISH: possibly delisted; no price data found  (period=1d) (Yahoo error = "No data found, symbol may be delisted")
2025-07-17 10:19:58,458 - ERROR - $WISH: possibly delisted; no price data found  (period=5d) (Yahoo error = "No data found, symbol may be delisted")
2025-07-17 10:19:59,698 - ERROR - $GNUS: possibly delisted; no price data found  (period=1d) (Yahoo error = "No data found, symbol may be delisted")
2025-07-17 10:19:59,915 - ERROR - $GNUS: possibly delisted; no price data found  (period=5d) (Yahoo error = "No data found, symbol may be delisted")
2025-07-17 10:20:00,212 - ERROR - $BBBY: possibly delisted; no price data found  (period=1d) (Yahoo error = "No data found, symbol may be delisted")
2025-07-17 10:20:00,394 - ERROR - $BBBY: possibly delisted; no price data found  (period=5d) (Yahoo error = "No data found, symbol may be delisted")
2025-07-17 10:20:00,660 - ERROR - $NAKD: possibly delisted; no price data found  (period=1d) (Yahoo error = "No data found, symbol may be delisted")
2025-07-17 10:20:00,823 - ERROR - $NAKD: possibly delisted; no price data found  (period=5d) (Yahoo error = "No data found, symbol may be delisted")
2025-07-17 10:20:01,125 - ERROR - $EXPR: possibly delisted; no price data found  (period=1d) (Yahoo error = "No data found, symbol may be delisted")
2025-07-17 10:20:01,308 - ERROR - $EXPR: possibly delisted; no price data found  (period=5d) (Yahoo error = "No data found, symbol may be delisted")
2025-07-17 10:20:53,158 - INFO - Cycle 19 | Status: Pre-Market | Elapsed: 0.3h | Remaining: 11.7h
2025-07-17 10:20:56,664 - ERROR - $SQ: possibly delisted; no price data found  (period=1d) (Yahoo error = "No data found, symbol may be delisted")
2025-07-17 10:20:56,860 - ERROR - $SQ: possibly delisted; no price data found  (period=5d) (Yahoo error = "No data found, symbol may be delisted")
2025-07-17 10:20:58,434 - ERROR - $WISH: possibly delisted; no price data found  (period=1d) (Yahoo error = "No data found, symbol may be delisted")
2025-07-17 10:20:58,622 - ERROR - $WISH: possibly delisted; no price data found  (period=5d) (Yahoo error = "No data found, symbol may be delisted")
2025-07-17 10:20:59,790 - ERROR - $GNUS: possibly delisted; no price data found  (period=1d) (Yahoo error = "No data found, symbol may be delisted")
2025-07-17 10:21:00,001 - ERROR - $GNUS: possibly delisted; no price data found  (period=5d) (Yahoo error = "No data found, symbol may be delisted")
2025-07-17 10:21:00,448 - ERROR - $BBBY: possibly delisted; no price data found  (period=1d) (Yahoo error = "No data found, symbol may be delisted")
2025-07-17 10:21:00,611 - ERROR - $BBBY: possibly delisted; no price data found  (period=5d) (Yahoo error = "No data found, symbol may be delisted")
2025-07-17 10:21:00,885 - ERROR - $NAKD: possibly delisted; no price data found  (period=1d) (Yahoo error = "No data found, symbol may be delisted")
2025-07-17 10:21:01,247 - ERROR - $NAKD: possibly delisted; no price data found  (period=5d) (Yahoo error = "No data found, symbol may be delisted")
2025-07-17 10:21:01,535 - ERROR - $EXPR: possibly delisted; no price data found  (period=1d) (Yahoo error = "No data found, symbol may be delisted")
2025-07-17 10:21:01,720 - ERROR - $EXPR: possibly delisted; no price data found  (period=5d) (Yahoo error = "No data found, symbol may be delisted")
2025-07-17 10:21:53,158 - INFO - Cycle 20 | Status: Pre-Market | Elapsed: 0.3h | Remaining: 11.7h
2025-07-17 10:21:56,475 - ERROR - $SQ: possibly delisted; no price data found  (period=1d) (Yahoo error = "No data found, symbol may be delisted")
2025-07-17 10:21:56,661 - ERROR - $SQ: possibly delisted; no price data found  (period=5d) (Yahoo error = "No data found, symbol may be delisted")
2025-07-17 10:21:58,222 - ERROR - $WISH: possibly delisted; no price data found  (period=1d) (Yahoo error = "No data found, symbol may be delisted")
2025-07-17 10:21:58,400 - ERROR - $WISH: possibly delisted; no price data found  (period=5d) (Yahoo error = "No data found, symbol may be delisted")
2025-07-17 10:21:59,579 - ERROR - $GNUS: possibly delisted; no price data found  (period=1d) (Yahoo error = "No data found, symbol may be delisted")
2025-07-17 10:21:59,746 - ERROR - $GNUS: possibly delisted; no price data found  (period=5d) (Yahoo error = "No data found, symbol may be delisted")
2025-07-17 10:22:00,031 - ERROR - $BBBY: possibly delisted; no price data found  (period=1d) (Yahoo error = "No data found, symbol may be delisted")
2025-07-17 10:22:00,411 - ERROR - $BBBY: possibly delisted; no price data found  (period=5d) (Yahoo error = "No data found, symbol may be delisted")
2025-07-17 10:22:00,713 - ERROR - $NAKD: possibly delisted; no price data found  (period=1d) (Yahoo error = "No data found, symbol may be delisted")
2025-07-17 10:22:01,133 - ERROR - $NAKD: possibly delisted; no price data found  (period=5d) (Yahoo error = "No data found, symbol may be delisted")
2025-07-17 10:22:01,592 - ERROR - $EXPR: possibly delisted; no price data found  (period=1d) (Yahoo error = "No data found, symbol may be delisted")
2025-07-17 10:22:01,795 - ERROR - $EXPR: possibly delisted; no price data found  (period=5d) (Yahoo error = "No data found, symbol may be delisted")
2025-07-17 10:22:53,158 - INFO - Cycle 21 | Status: Pre-Market | Elapsed: 0.3h | Remaining: 11.7h
2025-07-17 10:22:56,993 - ERROR - $SQ: possibly delisted; no price data found  (period=1d) (Yahoo error = "No data found, symbol may be delisted")
2025-07-17 10:22:57,159 - ERROR - $SQ: possibly delisted; no price data found  (period=5d) (Yahoo error = "No data found, symbol may be delisted")
2025-07-17 10:22:58,616 - ERROR - $WISH: possibly delisted; no price data found  (period=1d) (Yahoo error = "No data found, symbol may be delisted")
2025-07-17 10:22:58,787 - ERROR - $WISH: possibly delisted; no price data found  (period=5d) (Yahoo error = "No data found, symbol may be delisted")
2025-07-17 10:23:00,004 - ERROR - $GNUS: possibly delisted; no price data found  (period=1d) (Yahoo error = "No data found, symbol may be delisted")
2025-07-17 10:23:00,182 - ERROR - $GNUS: possibly delisted; no price data found  (period=5d) (Yahoo error = "No data found, symbol may be delisted")
2025-07-17 10:23:00,467 - ERROR - $BBBY: possibly delisted; no price data found  (period=1d) (Yahoo error = "No data found, symbol may be delisted")
2025-07-17 10:23:00,675 - ERROR - $BBBY: possibly delisted; no price data found  (period=5d) (Yahoo error = "No data found, symbol may be delisted")
2025-07-17 10:23:00,996 - ERROR - $NAKD: possibly delisted; no price data found  (period=1d) (Yahoo error = "No data found, symbol may be delisted")
2025-07-17 10:23:01,182 - ERROR - $NAKD: possibly delisted; no price data found  (period=5d) (Yahoo error = "No data found, symbol may be delisted")
2025-07-17 10:23:01,485 - ERROR - $EXPR: possibly delisted; no price data found  (period=1d) (Yahoo error = "No data found, symbol may be delisted")
2025-07-17 10:23:01,861 - ERROR - $EXPR: possibly delisted; no price data found  (period=5d) (Yahoo error = "No data found, symbol may be delisted")
2025-07-17 10:23:53,158 - INFO - Cycle 22 | Status: Pre-Market | Elapsed: 0.4h | Remaining: 11.6h
2025-07-17 10:23:56,429 - ERROR - $SQ: possibly delisted; no price data found  (period=1d) (Yahoo error = "No data found, symbol may be delisted")
2025-07-17 10:23:56,607 - ERROR - $SQ: possibly delisted; no price data found  (period=5d) (Yahoo error = "No data found, symbol may be delisted")
2025-07-17 10:23:58,031 - ERROR - $WISH: possibly delisted; no price data found  (period=1d) (Yahoo error = "No data found, symbol may be delisted")
2025-07-17 10:23:58,239 - ERROR - $WISH: possibly delisted; no price data found  (period=5d) (Yahoo error = "No data found, symbol may be delisted")
2025-07-17 10:23:59,464 - ERROR - $GNUS: possibly delisted; no price data found  (period=1d) (Yahoo error = "No data found, symbol may be delisted")
2025-07-17 10:23:59,644 - ERROR - $GNUS: possibly delisted; no price data found  (period=5d) (Yahoo error = "No data found, symbol may be delisted")
2025-07-17 10:23:59,938 - ERROR - $BBBY: possibly delisted; no price data found  (period=1d) (Yahoo error = "No data found, symbol may be delisted")
2025-07-17 10:24:00,135 - ERROR - $BBBY: possibly delisted; no price data found  (period=5d) (Yahoo error = "No data found, symbol may be delisted")
2025-07-17 10:24:00,470 - ERROR - $NAKD: possibly delisted; no price data found  (period=1d) (Yahoo error = "No data found, symbol may be delisted")
2025-07-17 10:24:00,681 - ERROR - $NAKD: possibly delisted; no price data found  (period=5d) (Yahoo error = "No data found, symbol may be delisted")
2025-07-17 10:24:00,991 - ERROR - $EXPR: possibly delisted; no price data found  (period=1d) (Yahoo error = "No data found, symbol may be delisted")
2025-07-17 10:24:01,171 - ERROR - $EXPR: possibly delisted; no price data found  (period=5d) (Yahoo error = "No data found, symbol may be delisted")
2025-07-17 10:24:53,158 - INFO - Cycle 23 | Status: Pre-Market | Elapsed: 0.4h | Remaining: 11.6h
2025-07-17 10:24:56,566 - ERROR - $SQ: possibly delisted; no price data found  (period=1d) (Yahoo error = "No data found, symbol may be delisted")
2025-07-17 10:24:56,780 - ERROR - $SQ: possibly delisted; no price data found  (period=5d) (Yahoo error = "No data found, symbol may be delisted")
2025-07-17 10:24:58,152 - ERROR - $WISH: possibly delisted; no price data found  (period=1d) (Yahoo error = "No data found, symbol may be delisted")
2025-07-17 10:24:58,342 - ERROR - $WISH: possibly delisted; no price data found  (period=5d) (Yahoo error = "No data found, symbol may be delisted")
2025-07-17 10:24:59,526 - ERROR - $GNUS: possibly delisted; no price data found  (period=1d) (Yahoo error = "No data found, symbol may be delisted")
2025-07-17 10:24:59,749 - ERROR - $GNUS: possibly delisted; no price data found  (period=5d) (Yahoo error = "No data found, symbol may be delisted")
2025-07-17 10:25:00,027 - ERROR - $BBBY: possibly delisted; no price data found  (period=1d) (Yahoo error = "No data found, symbol may be delisted")
2025-07-17 10:25:00,202 - ERROR - $BBBY: possibly delisted; no price data found  (period=5d) (Yahoo error = "No data found, symbol may be delisted")
2025-07-17 10:25:00,518 - ERROR - $NAKD: possibly delisted; no price data found  (period=1d) (Yahoo error = "No data found, symbol may be delisted")
2025-07-17 10:25:00,707 - ERROR - $NAKD: possibly delisted; no price data found  (period=5d) (Yahoo error = "No data found, symbol may be delisted")
2025-07-17 10:25:01,036 - ERROR - $EXPR: possibly delisted; no price data found  (period=1d) (Yahoo error = "No data found, symbol may be delisted")
2025-07-17 10:25:01,195 - ERROR - $EXPR: possibly delisted; no price data found  (period=5d) (Yahoo error = "No data found, symbol may be delisted")
2025-07-17 10:25:04,253 - INFO - 📈 Progress: 782/1000 (78.2%)
2025-07-17 10:25:04,254 - INFO - ⏱️  Time: 0.4h / 12h (11.6h left)
2025-07-17 10:25:04,254 - INFO - 📊 Remaining: 218 rows | Batch: 34 | Anomalies: 23
2025-07-17 10:25:04,254 - INFO - ⚡ Rate: 3.1 rows/sec
2025-07-17 10:25:53,159 - INFO - Cycle 24 | Status: Pre-Market | Elapsed: 0.4h | Remaining: 11.6h
2025-07-17 10:25:56,500 - ERROR - $SQ: possibly delisted; no price data found  (period=1d) (Yahoo error = "No data found, symbol may be delisted")
2025-07-17 10:25:56,683 - ERROR - $SQ: possibly delisted; no price data found  (period=5d) (Yahoo error = "No data found, symbol may be delisted")
2025-07-17 10:25:58,137 - ERROR - $WISH: possibly delisted; no price data found  (period=1d) (Yahoo error = "No data found, symbol may be delisted")
2025-07-17 10:25:58,311 - ERROR - $WISH: possibly delisted; no price data found  (period=5d) (Yahoo error = "No data found, symbol may be delisted")
2025-07-17 10:25:59,576 - ERROR - $GNUS: possibly delisted; no price data found  (period=1d) (Yahoo error = "No data found, symbol may be delisted")
2025-07-17 10:25:59,750 - ERROR - $GNUS: possibly delisted; no price data found  (period=5d) (Yahoo error = "No data found, symbol may be delisted")
2025-07-17 10:26:00,245 - ERROR - $BBBY: possibly delisted; no price data found  (period=1d) (Yahoo error = "No data found, symbol may be delisted")
2025-07-17 10:26:00,430 - ERROR - $BBBY: possibly delisted; no price data found  (period=5d) (Yahoo error = "No data found, symbol may be delisted")
2025-07-17 10:26:00,705 - ERROR - $NAKD: possibly delisted; no price data found  (period=1d) (Yahoo error = "No data found, symbol may be delisted")
2025-07-17 10:26:00,883 - ERROR - $NAKD: possibly delisted; no price data found  (period=5d) (Yahoo error = "No data found, symbol may be delisted")
2025-07-17 10:26:01,163 - ERROR - $EXPR: possibly delisted; no price data found  (period=1d) (Yahoo error = "No data found, symbol may be delisted")
2025-07-17 10:26:01,342 - ERROR - $EXPR: possibly delisted; no price data found  (period=5d) (Yahoo error = "No data found, symbol may be delisted")
2025-07-17 10:26:53,159 - INFO - Cycle 25 | Status: Pre-Market | Elapsed: 0.4h | Remaining: 11.6h
2025-07-17 10:26:56,779 - ERROR - $SQ: possibly delisted; no price data found  (period=1d) (Yahoo error = "No data found, symbol may be delisted")
2025-07-17 10:26:56,970 - ERROR - $SQ: possibly delisted; no price data found  (period=5d) (Yahoo error = "No data found, symbol may be delisted")
2025-07-17 10:26:58,398 - ERROR - $WISH: possibly delisted; no price data found  (period=1d) (Yahoo error = "No data found, symbol may be delisted")
2025-07-17 10:26:58,782 - ERROR - $WISH: possibly delisted; no price data found  (period=5d) (Yahoo error = "No data found, symbol may be delisted")
2025-07-17 10:26:59,948 - ERROR - $GNUS: possibly delisted; no price data found  (period=1d) (Yahoo error = "No data found, symbol may be delisted")
2025-07-17 10:27:00,142 - ERROR - $GNUS: possibly delisted; no price data found  (period=5d) (Yahoo error = "No data found, symbol may be delisted")
2025-07-17 10:27:00,425 - ERROR - $BBBY: possibly delisted; no price data found  (period=1d) (Yahoo error = "No data found, symbol may be delisted")
2025-07-17 10:27:00,608 - ERROR - $BBBY: possibly delisted; no price data found  (period=5d) (Yahoo error = "No data found, symbol may be delisted")
2025-07-17 10:27:00,910 - ERROR - $NAKD: possibly delisted; no price data found  (period=1d) (Yahoo error = "No data found, symbol may be delisted")
2025-07-17 10:27:01,098 - ERROR - $NAKD: possibly delisted; no price data found  (period=5d) (Yahoo error = "No data found, symbol may be delisted")
2025-07-17 10:27:01,410 - ERROR - $EXPR: possibly delisted; no price data found  (period=1d) (Yahoo error = "No data found, symbol may be delisted")
2025-07-17 10:27:01,594 - ERROR - $EXPR: possibly delisted; no price data found  (period=5d) (Yahoo error = "No data found, symbol may be delisted")
2025-07-17 10:27:53,160 - INFO - Cycle 26 | Status: Pre-Market | Elapsed: 0.4h | Remaining: 11.6h
2025-07-17 10:27:56,479 - ERROR - $SQ: possibly delisted; no price data found  (period=1d) (Yahoo error = "No data found, symbol may be delisted")
2025-07-17 10:27:56,740 - ERROR - $SQ: possibly delisted; no price data found  (period=5d) (Yahoo error = "No data found, symbol may be delisted")
2025-07-17 10:27:58,445 - ERROR - $WISH: possibly delisted; no price data found  (period=1d) (Yahoo error = "No data found, symbol may be delisted")
2025-07-17 10:27:58,625 - ERROR - $WISH: possibly delisted; no price data found  (period=5d) (Yahoo error = "No data found, symbol may be delisted")
2025-07-17 10:27:59,858 - ERROR - $GNUS: possibly delisted; no price data found  (period=1d) (Yahoo error = "No data found, symbol may be delisted")
2025-07-17 10:28:00,061 - ERROR - $GNUS: possibly delisted; no price data found  (period=5d) (Yahoo error = "No data found, symbol may be delisted")
2025-07-17 10:28:00,346 - ERROR - $BBBY: possibly delisted; no price data found  (period=1d) (Yahoo error = "No data found, symbol may be delisted")
2025-07-17 10:28:00,533 - ERROR - $BBBY: possibly delisted; no price data found  (period=5d) (Yahoo error = "No data found, symbol may be delisted")
2025-07-17 10:28:00,798 - ERROR - $NAKD: possibly delisted; no price data found  (period=1d) (Yahoo error = "No data found, symbol may be delisted")
2025-07-17 10:28:00,982 - ERROR - $NAKD: possibly delisted; no price data found  (period=5d) (Yahoo error = "No data found, symbol may be delisted")
2025-07-17 10:28:01,294 - ERROR - $EXPR: possibly delisted; no price data found  (period=1d) (Yahoo error = "No data found, symbol may be delisted")
2025-07-17 10:28:01,466 - ERROR - $EXPR: possibly delisted; no price data found  (period=5d) (Yahoo error = "No data found, symbol may be delisted")
2025-07-17 10:28:53,160 - INFO - Cycle 27 | Status: Pre-Market | Elapsed: 0.4h | Remaining: 11.6h
2025-07-17 10:28:56,817 - ERROR - $SQ: possibly delisted; no price data found  (period=1d) (Yahoo error = "No data found, symbol may be delisted")
2025-07-17 10:28:56,988 - ERROR - $SQ: possibly delisted; no price data found  (period=5d) (Yahoo error = "No data found, symbol may be delisted")
2025-07-17 10:28:58,465 - ERROR - $WISH: possibly delisted; no price data found  (period=1d) (Yahoo error = "No data found, symbol may be delisted")
2025-07-17 10:28:58,629 - ERROR - $WISH: possibly delisted; no price data found  (period=5d) (Yahoo error = "No data found, symbol may be delisted")
2025-07-17 10:28:59,956 - ERROR - $GNUS: possibly delisted; no price data found  (period=1d) (Yahoo error = "No data found, symbol may be delisted")
2025-07-17 10:29:00,246 - ERROR - $GNUS: possibly delisted; no price data found  (period=5d) (Yahoo error = "No data found, symbol may be delisted")
2025-07-17 10:29:00,548 - ERROR - $BBBY: possibly delisted; no price data found  (period=1d) (Yahoo error = "No data found, symbol may be delisted")
2025-07-17 10:29:00,745 - ERROR - $BBBY: possibly delisted; no price data found  (period=5d) (Yahoo error = "No data found, symbol may be delisted")
2025-07-17 10:29:01,070 - ERROR - $NAKD: possibly delisted; no price data found  (period=1d) (Yahoo error = "No data found, symbol may be delisted")
2025-07-17 10:29:01,243 - ERROR - $NAKD: possibly delisted; no price data found  (period=5d) (Yahoo error = "No data found, symbol may be delisted")
2025-07-17 10:29:01,522 - ERROR - $EXPR: possibly delisted; no price data found  (period=1d) (Yahoo error = "No data found, symbol may be delisted")
2025-07-17 10:29:01,715 - ERROR - $EXPR: possibly delisted; no price data found  (period=5d) (Yahoo error = "No data found, symbol may be delisted")
2025-07-17 10:29:53,160 - INFO - Cycle 28 | Status: Pre-Market | Elapsed: 0.5h | Remaining: 11.5h
2025-07-17 10:29:56,626 - ERROR - $SQ: possibly delisted; no price data found  (period=1d) (Yahoo error = "No data found, symbol may be delisted")
2025-07-17 10:29:56,797 - ERROR - $SQ: possibly delisted; no price data found  (period=5d) (Yahoo error = "No data found, symbol may be delisted")
2025-07-17 10:29:58,423 - ERROR - $WISH: possibly delisted; no price data found  (period=1d) (Yahoo error = "No data found, symbol may be delisted")
2025-07-17 10:29:58,601 - ERROR - $WISH: possibly delisted; no price data found  (period=5d) (Yahoo error = "No data found, symbol may be delisted")
2025-07-17 10:29:59,797 - ERROR - $GNUS: possibly delisted; no price data found  (period=1d) (Yahoo error = "No data found, symbol may be delisted")
2025-07-17 10:29:59,976 - ERROR - $GNUS: possibly delisted; no price data found  (period=5d) (Yahoo error = "No data found, symbol may be delisted")
2025-07-17 10:30:00,263 - ERROR - $BBBY: possibly delisted; no price data found  (period=1d) (Yahoo error = "No data found, symbol may be delisted")
2025-07-17 10:30:00,462 - ERROR - $BBBY: possibly delisted; no price data found  (period=5d) (Yahoo error = "No data found, symbol may be delisted")
2025-07-17 10:30:00,750 - ERROR - $NAKD: possibly delisted; no price data found  (period=1d) (Yahoo error = "No data found, symbol may be delisted")
2025-07-17 10:30:00,960 - ERROR - $NAKD: possibly delisted; no price data found  (period=5d) (Yahoo error = "No data found, symbol may be delisted")
2025-07-17 10:30:01,491 - ERROR - $EXPR: possibly delisted; no price data found  (period=1d) (Yahoo error = "No data found, symbol may be delisted")
2025-07-17 10:30:01,950 - ERROR - $EXPR: possibly delisted; no price data found  (period=5d) (Yahoo error = "No data found, symbol may be delisted")
2025-07-17 10:30:04,732 - INFO - 📈 Progress: 952/1000 (95.2%)
2025-07-17 10:30:04,732 - INFO - ⏱️  Time: 0.5h / 12h (11.5h left)
2025-07-17 10:30:04,732 - INFO - 📊 Remaining: 48 rows | Batch: 34 | Anomalies: 23
2025-07-17 10:30:04,733 - INFO - ⚡ Rate: 2.9 rows/sec
2025-07-17 10:30:53,161 - INFO - Cycle 29 | Status: Pre-Market | Elapsed: 0.5h | Remaining: 11.5h
2025-07-17 10:30:56,603 - ERROR - $SQ: possibly delisted; no price data found  (period=1d) (Yahoo error = "No data found, symbol may be delisted")
2025-07-17 10:30:56,782 - ERROR - $SQ: possibly delisted; no price data found  (period=5d) (Yahoo error = "No data found, symbol may be delisted")
2025-07-17 10:30:58,284 - ERROR - $WISH: possibly delisted; no price data found  (period=1d) (Yahoo error = "No data found, symbol may be delisted")
2025-07-17 10:30:58,461 - ERROR - $WISH: possibly delisted; no price data found  (period=5d) (Yahoo error = "No data found, symbol may be delisted")
2025-07-17 10:30:59,694 - ERROR - $GNUS: possibly delisted; no price data found  (period=1d) (Yahoo error = "No data found, symbol may be delisted")
2025-07-17 10:30:59,862 - ERROR - $GNUS: possibly delisted; no price data found  (period=5d) (Yahoo error = "No data found, symbol may be delisted")
2025-07-17 10:31:00,173 - ERROR - $BBBY: possibly delisted; no price data found  (period=1d) (Yahoo error = "No data found, symbol may be delisted")
2025-07-17 10:31:00,349 - ERROR - $BBBY: possibly delisted; no price data found  (period=5d) (Yahoo error = "No data found, symbol may be delisted")
2025-07-17 10:31:00,684 - ERROR - $NAKD: possibly delisted; no price data found  (period=1d) (Yahoo error = "No data found, symbol may be delisted")
2025-07-17 10:31:00,858 - ERROR - $NAKD: possibly delisted; no price data found  (period=5d) (Yahoo error = "No data found, symbol may be delisted")
2025-07-17 10:31:01,151 - ERROR - $EXPR: possibly delisted; no price data found  (period=1d) (Yahoo error = "No data found, symbol may be delisted")
2025-07-17 10:31:01,360 - ERROR - $EXPR: possibly delisted; no price data found  (period=5d) (Yahoo error = "No data found, symbol may be delisted")
2025-07-17 10:31:53,161 - INFO - Cycle 30 | Status: Pre-Market | Elapsed: 0.5h | Remaining: 11.5h
2025-07-17 10:31:56,246 - INFO - 🎯 TARGET REACHED! Collected 1000 rows in 0.5 hours
2025-07-17 10:31:56,247 - INFO - 🏁 Collection completed! Total rows: 1000
2025-07-17 10:31:56,247 - INFO - ⏱️  Total runtime: 0.5 hours
